Build started 4/11/2012 6:07:57 PM.
     1>Project "C:\Users\Me\Documents\Important\School\y2s2\COMP308\Env\COMP308-Assignment-3\PART2\what\what\what.vcxproj" on node 2 (build target(s)).
     1>InitializeBuildStatus:
         Touching "Debug\cube.unsuccessfulbuild".
       ClCompile:
         C:\Program Files (x86)\Microsoft Visual Studio 10.0\VC\bin\CL.exe /c /ZI /nologo /W3 /WX- /Od /Oy- /D WIN32 /D _DEBUG /D _CONSOLE /D _UNICODE /D UNICODE /Gm /EHsc /RTC1 /MDd /GS /fp:precise /Zc:wchar_t /Zc:forScope /Yu"StdAfx.h" /Fp"Debug\cube.pch" /Fo"Debug\\" /Fd"Debug\vc100.pdb" /Gd /TC /analyze- /errorReport:prompt ..\..\cube\cube\cube.c
         cube.c
     1>c:\users\me\documents\important\school\y2s2\comp308\env\comp308-assignment-3\part2\cube\cube\cube.c(94): fatal error C1010: unexpected end of file while looking for precompiled header. Did you forget to add '#include "StdAfx.h"' to your source?
     1>Done Building Project "C:\Users\Me\Documents\Important\School\y2s2\COMP308\Env\COMP308-Assignment-3\PART2\what\what\what.vcxproj" (build target(s)) -- FAILED.

Build FAILED.

Time Elapsed 00:00:00.11
