Build started 4/18/2012 7:02:40 PM.
     1>Project "C:\Users\Me\Documents\Important\School\y2s2\COMP308\Env\COMP308-Assignment-3\PART2\Q2\spaceship\spaceship.vcxproj" on node 2 (build target(s)).
     1>InitializeBuildStatus:
         Creating "Debug\spaceship.unsuccessfulbuild" because "AlwaysCreate" was specified.
       ClCompile:
         C:\Program Files (x86)\Microsoft Visual Studio 10.0\VC\bin\CL.exe /c /I"C:\Program Files\Microsoft Platform SDK\Include" /I"C:\Program Files (x86)\NVIDIA Corporation\Cg\include" /ZI /nologo /W3 /WX- /Od /Oy- /D WIN32 /D _DEBUG /D _CONSOLE /D _UNICODE /D UNICODE /Gm /EHsc /RTC1 /MDd /GS /fp:precise /Zc:wchar_t /Zc:forScope /Fo"Debug\\" /Fd"Debug\vc100.pdb" /Gd /TC /analyze- /errorReport:prompt Q2.c
         Q2.c
     1>c:\users\me\documents\important\school\y2s2\comp308\env\comp308-assignment-3\part2\q2\spaceship\q2.c(23): error C2099: initializer is not a constant
     1>c:\users\me\documents\important\school\y2s2\comp308\env\comp308-assignment-3\part2\q2\spaceship\q2.c(25): error C2099: initializer is not a constant
     1>c:\users\me\documents\important\school\y2s2\comp308\env\comp308-assignment-3\part2\q2\spaceship\q2.c(47): warning C4028: formal parameter 2 different from declaration
     1>c:\users\me\documents\important\school\y2s2\comp308\env\comp308-assignment-3\part2\q2\spaceship\q2.c(47): warning C4028: formal parameter 3 different from declaration
     1>c:\users\me\documents\important\school\y2s2\comp308\env\comp308-assignment-3\part2\q2\spaceship\q2.c(182): warning C4047: 'return' : 'GLuint' differs in levels of indirection from 'void *'
     1>Done Building Project "C:\Users\Me\Documents\Important\School\y2s2\COMP308\Env\COMP308-Assignment-3\PART2\Q2\spaceship\spaceship.vcxproj" (build target(s)) -- FAILED.

Build FAILED.

Time Elapsed 00:00:01.24
